<?xml version="1.0" encoding="UTF-8" ?>
<testsuite tests="35" failures="0" name="runner.Testrunner" time="0.491" errors="0" skipped="0">
  <properties>
    <property name="java.runtime.name" value="OpenJDK Runtime Environment"/>
    <property name="java.vm.version" value="11.0.11+9-Ubuntu-0ubuntu2.20.04"/>
    <property name="sun.boot.library.path" value="/usr/lib/jvm/java-11-openjdk-amd64/lib"/>
    <property name="maven.multiModuleProjectDirectory" value="/home/miller/Documents/ReposPruebasAut/AutomationChallenge"/>
    <property name="java.vm.vendor" value="Ubuntu"/>
    <property name="java.vendor.url" value="https://ubuntu.com/"/>
    <property name="guice.disable.misplaced.annotation.check" value="true"/>
    <property name="path.separator" value=":"/>
    <property name="java.vm.name" value="OpenJDK 64-Bit Server VM"/>
    <property name="sun.os.patch.level" value="unknown"/>
    <property name="user.country" value="US"/>
    <property name="sun.java.launcher" value="SUN_STANDARD"/>
    <property name="java.vm.specification.name" value="Java Virtual Machine Specification"/>
    <property name="user.dir" value="/home/miller/Documents/ReposPruebasAut/AutomationChallenge"/>
    <property name="java.vm.compressedOopsMode" value="Zero based"/>
    <property name="java.runtime.version" value="11.0.11+9-Ubuntu-0ubuntu2.20.04"/>
    <property name="java.awt.graphicsenv" value="sun.awt.X11GraphicsEnvironment"/>
    <property name="os.arch" value="amd64"/>
    <property name="java.io.tmpdir" value="/tmp"/>
    <property name="line.separator" value="
"/>
    <property name="java.vm.specification.vendor" value="Oracle Corporation"/>
    <property name="os.name" value="Linux"/>
    <property name="classworlds.conf" value="/opt/maven/bin/m2.conf"/>
    <property name="sun.jnu.encoding" value="UTF-8"/>
    <property name="java.library.path" value="/usr/java/packages/lib:/usr/lib/x86_64-linux-gnu/jni:/lib/x86_64-linux-gnu:/usr/lib/x86_64-linux-gnu:/usr/lib/jni:/lib:/usr/lib"/>
    <property name="maven.conf" value="/opt/maven/conf"/>
    <property name="jdk.debug" value="release"/>
    <property name="java.class.version" value="55.0"/>
    <property name="java.specification.name" value="Java Platform API Specification"/>
    <property name="sun.management.compiler" value="HotSpot 64-Bit Tiered Compilers"/>
    <property name="os.version" value="5.11.0-25-generic"/>
    <property name="library.jansi.path" value="/opt/maven/lib/jansi-native"/>
    <property name="user.home" value="/home/miller"/>
    <property name="user.timezone" value="America/Bogota"/>
    <property name="java.awt.printerjob" value="sun.print.PSPrinterJob"/>
    <property name="file.encoding" value="UTF-8"/>
    <property name="java.specification.version" value="11"/>
    <property name="user.name" value="miller"/>
    <property name="java.class.path" value="/opt/maven/boot/plexus-classworlds-2.6.0.jar"/>
    <property name="java.vm.specification.version" value="11"/>
    <property name="sun.arch.data.model" value="64"/>
    <property name="sun.java.command" value="org.codehaus.plexus.classworlds.launcher.Launcher clean test"/>
    <property name="java.home" value="/usr/lib/jvm/java-11-openjdk-amd64"/>
    <property name="user.language" value="en"/>
    <property name="java.specification.vendor" value="Oracle Corporation"/>
    <property name="awt.toolkit" value="sun.awt.X11.XToolkit"/>
    <property name="java.vm.info" value="mixed mode, sharing"/>
    <property name="java.version" value="11.0.11"/>
    <property name="securerandom.source" value="file:/dev/./urandom"/>
    <property name="java.vendor" value="Ubuntu"/>
    <property name="maven.home" value="/opt/maven"/>
    <property name="file.separator" value="/"/>
    <property name="java.version.date" value="2021-04-20"/>
    <property name="java.vendor.url.bug" value="https://bugs.launchpad.net/ubuntu/+source/openjdk-lts"/>
    <property name="sun.io.unicode.encoding" value="UnicodeLittle"/>
    <property name="sun.cpu.endian" value="little"/>
    <property name="sun.desktop" value="gnome"/>
    <property name="sun.cpu.isalist" value=""/>
  </properties>
  <testcase classname="Scenario: Add multiple items to the shopping cart" name="Given user is successfully authenticated" time="0.001"/>
  <testcase classname="Scenario: Add multiple items to the shopping cart" name="When user adds items to the shopping cart" time="0"/>
  <testcase classname="Scenario: Add multiple items to the shopping cart" name="Then user sees the items added in the shopping cart" time="0"/>
  <testcase classname="Scenario: Add multiple items to the shopping cart" name="Scenario: Add multiple items to the shopping cart" time="0.069"/>
  <testcase classname="Scenario: Add the specific product ‘Sauce Labs Onesie’ to the shopping cart" name="Given user is successfully authenticated" time="0"/>
  <testcase classname="Scenario: Add the specific product ‘Sauce Labs Onesie’ to the shopping cart" name="When user adds the ‘Sauce Labs Onesie’ product to the shopping cart" time="0"/>
  <testcase classname="Scenario: Add the specific product ‘Sauce Labs Onesie’ to the shopping cart" name="Then user confirms that the correct product was added to the cart" time="0"/>
  <testcase classname="Scenario: Add the specific product ‘Sauce Labs Onesie’ to the shopping cart" name="Scenario: Add the specific product ‘Sauce Labs Onesie’ to the shopping cart" time="0.069"/>
  <testcase classname="Scenario: Login with a valid user" name="Given User is on the saucedemo Homepage" time="0"/>
  <testcase classname="Scenario: Login with a valid user" name="When type username on the username field" time="0"/>
  <testcase classname="Scenario: Login with a valid user" name="And type password on the password field" time="0"/>
  <testcase classname="Scenario: Login with a valid user" name="Then should be redirected to the Products page" time="0"/>
  <testcase classname="Scenario: Login with a valid user" name="Scenario: Login with a valid user" time="0.07"/>
  <testcase classname="Scenario: Login with an invalid user" name="Given User is on the saucedemo Homepage" time="0"/>
  <testcase classname="Scenario: Login with an invalid user" name="When type wrong username on the username field" time="0"/>
  <testcase classname="Scenario: Login with an invalid user" name="And type right password on the password field" time="0"/>
  <testcase classname="Scenario: Login with an invalid user" name="Then the error message should be displayed" time="0"/>
  <testcase classname="Scenario: Login with an invalid user" name="Scenario: Login with an invalid user" time="0.071"/>
  <testcase classname="Scenario: Logout from the saucedemo Homepage" name="Given User is on the saucedemo Homepage" time="0"/>
  <testcase classname="Scenario: Logout from the saucedemo Homepage" name="When the user is logged in on the Products page" time="0.001"/>
  <testcase classname="Scenario: Logout from the saucedemo Homepage" name="And selects the logout option" time="0"/>
  <testcase classname="Scenario: Logout from the saucedemo Homepage" name="Then should be redirected to the Login page" time="0"/>
  <testcase classname="Scenario: Logout from the saucedemo Homepage" name="Scenario: Logout from the saucedemo Homepage" time="0.069"/>
  <testcase classname="Scenario: Sort products by price low to high" name="Given user is successfully authenticated" time="0"/>
  <testcase classname="Scenario: Sort products by price low to high" name="When user sort products by low to high price" time="0"/>
  <testcase classname="Scenario: Sort products by price low to high" name="Then user sees the products organized by price from lowest to highest" time="0"/>
  <testcase classname="Scenario: Sort products by price low to high" name="Scenario: Sort products by price low to high" time="0.071"/>
  <testcase classname="Scenario: Complete a purchase" name="Given user is successfully authenticated" time="0"/>
  <testcase classname="Scenario: Complete a purchase" name="When user adds items to the shopping cart" time="0.001"/>
  <testcase classname="Scenario: Complete a purchase" name="And user sees the items added in the shopping cart" time="0"/>
  <testcase classname="Scenario: Complete a purchase" name="And user proceed to checkout" time="0"/>
  <testcase classname="Scenario: Complete a purchase" name="And user fill the personal information" time="0"/>
  <testcase classname="Scenario: Complete a purchase" name="And user review the order" time="0"/>
  <testcase classname="Scenario: Complete a purchase" name="Then user should be redirected to the confirmation page" time="0"/>
  <testcase classname="Scenario: Complete a purchase" name="Scenario: Complete a purchase" time="0.069"/>
</testsuite>